#
# There is insufficient memory for the Java Runtime Environment to continue.
# Native memory allocation (mmap) failed to map 98566144 bytes for G1 virtual space
# Possible reasons:
#   The system is out of physical RAM or swap space
#   The process is running with CompressedOops enabled, and the Java Heap may be blocking the growth of the native heap
# Possible solutions:
#   Reduce memory load on the system
#   Increase physical memory or swap space
#   Check if swap backing store is full
#   Decrease Java heap size (-Xmx/-Xms)
#   Decrease number of Java threads
#   Decrease Java thread stack sizes (-Xss)
#   Set larger code cache with -XX:ReservedCodeCacheSize=
#   JVM is running with Unscaled Compressed Oops mode in which the Java heap is
#     placed in the first 4GB address space. The Java Heap base address is the
#     maximum limit for the native heap growth. Please use -XX:HeapBaseMinAddress
#     to set the Java Heap base and to place the Java Heap above 4GB virtual address.
# This output file may be truncated or incomplete.
#
#  Out of Memory Error (os_windows.cpp:3600), pid=7384, tid=4864
#
# JRE version:  (21.0.1+12) (build )
# Java VM: Java HotSpot(TM) 64-Bit Server VM (21.0.1+12-LTS-29, mixed mode, sharing, tiered, compressed oops, compressed class ptrs, g1 gc, windows-amd64)
# No core dump will be written. Minidumps are not enabled by default on client versions of Windows
#

---------------  S U M M A R Y ------------

Command Line: -XX:+ShowCodeDetailsInExceptionMessages --module-path=C:\Users\lphun\AppData\Roaming\Code\User\workspaceStorage\5ad357d8599668e7c2975810c074d735\redhat.java\jdt_ws\src_ff10c610\bin -Djdk.module.main=Java Java/Lab5.Bai1

Host: AMD Ryzen 5 5600H with Radeon Graphics         , 12 cores, 5G,  Windows 11 , 64 bit Build 22621 (10.0.22621.3527)
Time: Thu Jun 20 22:25:00 2024 SE Asia Standard Time elapsed time: 0.010900 seconds (0d 0h 0m 0s)

---------------  T H R E A D  ---------------

Current thread (0x0000017a2878a780):  JavaThread "Unknown thread" [_thread_in_vm, id=4864, stack(0x0000004b45000000,0x0000004b45100000) (1024K)]

Stack: [0x0000004b45000000,0x0000004b45100000]
Native frames: (J=compiled Java code, j=interpreted, Vv=VM code, C=native code)
V  [jvm.dll+0x6c9029]
V  [jvm.dll+0x854b81]
V  [jvm.dll+0x856e5e]
V  [jvm.dll+0x857543]
V  [jvm.dll+0x280c06]
V  [jvm.dll+0x6c5715]
V  [jvm.dll+0x6ba10a]
V  [jvm.dll+0x3557ea]
V  [jvm.dll+0x35d436]
V  [jvm.dll+0x3ae1be]
V  [jvm.dll+0x3ae468]
V  [jvm.dll+0x3291fc]
V  [jvm.dll+0x329d8b]
V  [jvm.dll+0x81d179]
V  [jvm.dll+0x3bb4f1]
V  [jvm.dll+0x805ae8]
V  [jvm.dll+0x44effe]
V  [jvm.dll+0x450901]
C  [jli.dll+0x52a3]
C  [ucrtbase.dll+0x29333]
C  [KERNEL32.DLL+0x1257d]
C  [ntdll.dll+0x5aa48]


---------------  P R O C E S S  ---------------

Threads class SMR info:
_java_thread_list=0x00007fffa33c9b88, length=0, elements={
}

Java Threads: ( => current thread )
Total: 0

Other Threads:
  0x0000017a2a9de910 WorkerThread "GC Thread#0"                     [id=15088, stack(0x0000004b45100000,0x0000004b45200000) (1024K)]
  0x0000017a2a9ec540 ConcurrentGCThread "G1 Main Marker"            [id=16052, stack(0x0000004b45200000,0x0000004b45300000) (1024K)]
  0x0000017a2a9ed6e0 WorkerThread "G1 Conc#0"                       [id=13376, stack(0x0000004b45300000,0x0000004b45400000) (1024K)]

[error occurred during error reporting (printing all threads), id 0xc0000005, EXCEPTION_ACCESS_VIOLATION (0xc0000005) at pc=0x00007fffa2b3c2c7]
VM state: not at safepoint (not fully initialized)

VM Mutex/Monitor currently owned by a thread:  ([mutex/lock_event])
[0x00007fffa343a6f8] Heap_lock - owner thread: 0x0000017a2878a780

Heap address: 0x00000000a2400000, size: 1500 MB, Compressed Oops mode: 32-bit

CDS archive(s) mapped at: [0x0000000000000000-0x0000000000000000-0x0000000000000000), size 0, SharedBaseAddress: 0x0000000800000000, ArchiveRelocationMode: 1.
Narrow klass base: 0x0000000000000000, Narrow klass shift: 0, Narrow klass range: 0x0

GC Precious Log:
 CardTable entry size: 512
 Card Set container configuration: InlinePtr #cards 5 size 8 Array Of Cards #cards 12 size 40 Howl #buckets 4 coarsen threshold 1843 Howl Bitmap #cards 512 size 80 coarsen threshold 460 Card regions per heap region 1 cards per card region 2048

Heap:
 garbage-first heap   total 0K, used 0K [0x00000000a2400000, 0x0000000100000000)
  region size 1024K, 0 young (0K), 0 survivors (0K)

[error occurred during error reporting (printing heap information), id 0xc0000005, EXCEPTION_ACCESS_VIOLATION (0xc0000005) at pc=0x00007fffa2f21be9]
GC Heap History (0 events):
No events

Dll operation events (1 events):
Event: 0.006 Loaded shared library C:\Program Files\Java\jdk-21\bin\java.dll

Deoptimization events (0 events):
No events

Classes loaded (0 events):
No events

Classes unloaded (0 events):
No events

Classes redefined (0 events):
No events

Internal exceptions (0 events):
No events

ZGC Phase Switch (0 events):
No events

VM Operations (0 events):
No events

Events (0 events):
No events


Dynamic libraries:
0x00007ff633220000 - 0x00007ff633230000 	C:\Program Files\Java\jdk-21\bin\java.exe
0x00007ff8411f0000 - 0x00007ff841407000 	C:\WINDOWS\SYSTEM32\ntdll.dll
0x00007ff840570000 - 0x00007ff840634000 	C:\WINDOWS\System32\KERNEL32.DLL
0x00007ff83e5b0000 - 0x00007ff83e957000 	C:\WINDOWS\System32\KERNELBASE.dll
0x00007ff83e9d0000 - 0x00007ff83eae1000 	C:\WINDOWS\System32\ucrtbase.dll
0x00007ff8002f0000 - 0x00007ff800309000 	C:\Program Files\Java\jdk-21\bin\jli.dll
0x00007ff801380000 - 0x00007ff80139b000 	C:\Program Files\Java\jdk-21\bin\VCRUNTIME140.dll
0x00007ff840850000 - 0x00007ff840902000 	C:\WINDOWS\System32\ADVAPI32.dll
0x00007ff841100000 - 0x00007ff8411a7000 	C:\WINDOWS\System32\msvcrt.dll
0x00007ff83ff50000 - 0x00007ff83fff8000 	C:\WINDOWS\System32\sechost.dll
0x00007ff83eef0000 - 0x00007ff83ef18000 	C:\WINDOWS\System32\bcrypt.dll
0x00007ff840990000 - 0x00007ff840aa5000 	C:\WINDOWS\System32\RPCRT4.dll
0x00007ff83fda0000 - 0x00007ff83ff4e000 	C:\WINDOWS\System32\USER32.dll
0x00007ff82ed30000 - 0x00007ff82efc3000 	C:\WINDOWS\WinSxS\amd64_microsoft.windows.common-controls_6595b64144ccf1df_6.0.22621.3527_none_270e469b73872a76\COMCTL32.dll
0x00007ff83ece0000 - 0x00007ff83ed06000 	C:\WINDOWS\System32\win32u.dll
0x00007ff840960000 - 0x00007ff840989000 	C:\WINDOWS\System32\GDI32.dll
0x00007ff83ed10000 - 0x00007ff83ee29000 	C:\WINDOWS\System32\gdi32full.dll
0x00007ff83e510000 - 0x00007ff83e5aa000 	C:\WINDOWS\System32\msvcp_win.dll
0x00007ff836840000 - 0x00007ff83684a000 	C:\WINDOWS\SYSTEM32\VERSION.dll
0x00007ff840e50000 - 0x00007ff840e81000 	C:\WINDOWS\System32\IMM32.DLL
0x00007ff82a1b0000 - 0x00007ff82a1bc000 	C:\Program Files\Java\jdk-21\bin\vcruntime140_1.dll
0x00007fffd1960000 - 0x00007fffd19ee000 	C:\Program Files\Java\jdk-21\bin\msvcp140.dll
0x00007fffa2800000 - 0x00007fffa3515000 	C:\Program Files\Java\jdk-21\bin\server\jvm.dll
0x00007ff83fd20000 - 0x00007ff83fd91000 	C:\WINDOWS\System32\WS2_32.dll
0x00007ff83e3d0000 - 0x00007ff83e41d000 	C:\WINDOWS\SYSTEM32\POWRPROF.dll
0x00007ff836420000 - 0x00007ff836454000 	C:\WINDOWS\SYSTEM32\WINMM.dll
0x00007ff83e3b0000 - 0x00007ff83e3c3000 	C:\WINDOWS\SYSTEM32\UMPDC.dll
0x00007ff83d530000 - 0x00007ff83d548000 	C:\WINDOWS\SYSTEM32\kernel.appcore.dll
0x00007ff827da0000 - 0x00007ff827daa000 	C:\Program Files\Java\jdk-21\bin\jimage.dll
0x00007ff83bc80000 - 0x00007ff83beb2000 	C:\WINDOWS\SYSTEM32\DBGHELP.DLL
0x00007ff840ab0000 - 0x00007ff840e38000 	C:\WINDOWS\System32\combase.dll
0x00007ff840770000 - 0x00007ff840847000 	C:\WINDOWS\System32\OLEAUT32.dll
0x00007ff8180e0000 - 0x00007ff818112000 	C:\WINDOWS\SYSTEM32\dbgcore.DLL
0x00007ff83ec60000 - 0x00007ff83ecd9000 	C:\WINDOWS\System32\bcryptPrimitives.dll
0x00007fffff730000 - 0x00007fffff74f000 	C:\Program Files\Java\jdk-21\bin\java.dll

dbghelp: loaded successfully - version: 4.0.5 - missing functions: none
symbol engine: initialized successfully - sym options: 0x614 - pdb path: .;C:\Program Files\Java\jdk-21\bin;C:\WINDOWS\SYSTEM32;C:\WINDOWS\WinSxS\amd64_microsoft.windows.common-controls_6595b64144ccf1df_6.0.22621.3527_none_270e469b73872a76;C:\Program Files\Java\jdk-21\bin\server

VM Arguments:
jvm_args: -XX:+ShowCodeDetailsInExceptionMessages --module-path=C:\Users\lphun\AppData\Roaming\Code\User\workspaceStorage\5ad357d8599668e7c2975810c074d735\redhat.java\jdt_ws\src_ff10c610\bin -Djdk.module.main=Java 
java_command: Java/Lab5.Bai1
java_class_path (initial): <not set>
Launcher Type: SUN_STANDARD

[Global flags]
     intx CICompilerCount                          = 4                                         {product} {ergonomic}
     uint ConcGCThreads                            = 3                                         {product} {ergonomic}
     uint G1ConcRefinementThreads                  = 10                                        {product} {ergonomic}
   size_t G1HeapRegionSize                         = 1048576                                   {product} {ergonomic}
    uintx GCDrainStackTargetSize                   = 64                                        {product} {ergonomic}
   size_t InitialHeapSize                          = 98566144                                  {product} {ergonomic}
   size_t MarkStackSize                            = 4194304                                   {product} {ergonomic}
   size_t MaxHeapSize                              = 1572864000                                {product} {ergonomic}
   size_t MinHeapDeltaBytes                        = 1048576                                   {product} {ergonomic}
   size_t MinHeapSize                              = 8388608                                   {product} {ergonomic}
    uintx NonNMethodCodeHeapSize                   = 5839372                                {pd product} {ergonomic}
    uintx NonProfiledCodeHeapSize                  = 122909434                              {pd product} {ergonomic}
    uintx ProfiledCodeHeapSize                     = 122909434                              {pd product} {ergonomic}
    uintx ReservedCodeCacheSize                    = 251658240                              {pd product} {ergonomic}
     bool SegmentedCodeCache                       = true                                      {product} {ergonomic}
     bool ShowCodeDetailsInExceptionMessages       = true                                   {manageable} {command line}
   size_t SoftMaxHeapSize                          = 1572864000                             {manageable} {ergonomic}
     bool UseCompressedOops                        = true                           {product lp64_product} {ergonomic}
     bool UseG1GC                                  = true                                      {product} {ergonomic}
     bool UseLargePagesIndividualAllocation        = false                                  {pd product} {ergonomic}

Logging:
Log output configuration:
 #0: stdout all=warning uptime,level,tags foldmultilines=false
 #1: stderr all=off uptime,level,tags foldmultilines=false

Environment Variables:
PATH=C:\Program Files\Common Files\Oracle\Java\javapath;C:\Windows\system32;C:\Windows;C:\Windows\System32\Wbem;C:\Windows\System32\WindowsPowerShell\v1.0\;C:\Windows\System32\OpenSSH\;C:\Program Files (x86)\NVIDIA Corporation\PhysX\Common;C:\Program Files\NVIDIA Corporation\NVIDIA NvDLISR;C:\WINDOWS\system32;C:\WINDOWS;C:\WINDOWS\System32\Wbem;C:\WINDOWS\System32\WindowsPowerShell\v1.0\;C:\WINDOWS\System32\OpenSSH\;C:\Program Files\Cloudflare\Cloudflare WARP\;C:\MinGW\bin;C:\Program Files\Java\jdk-21\bin;C:\Program Files (x86)\Microsoft SQL Server\100\Tools\Binn\;C:\Program Files\Microsoft SQL Server\100\Tools\Binn\;C:\Program Files\Microsoft SQL Server\100\DTS\Binn\;C:\Program Files (x86)\Microsoft SQL Server\100\Tools\Binn\VSShell\Common7\IDE\;C:\Program Files (x86)\Microsoft SQL Server\100\DTS\Binn\;C:\Program Files\Git\cmd;C:\Users\lphun\AppData\Local\Microsoft\WindowsApps;C:\MinGW\bin;C:\Users\lphun\AppData\Local\Programs\Microsoft VS Code\bin
USERNAME=lphun
LANG=en_US.UTF-8
OS=Windows_NT
PROCESSOR_IDENTIFIER=AMD64 Family 25 Model 80 Stepping 0, AuthenticAMD
TMP=C:\Users\lphun\AppData\Local\Temp
TEMP=C:\Users\lphun\AppData\Local\Temp




Periodic native trim disabled

---------------  S Y S T E M  ---------------

OS:
 Windows 11 , 64 bit Build 22621 (10.0.22621.3527)
OS uptime: 6 days 12:34 hours

CPU: total 12 (initial active 12) (12 cores per cpu, 2 threads per core) family 25 model 80 stepping 0 microcode 0x0, cx8, cmov, fxsr, ht, mmx, 3dnowpref, sse, sse2, sse3, ssse3, sse4a, sse4.1, sse4.2, popcnt, lzcnt, tsc, tscinvbit, avx, avx2, aes, erms, clmul, bmi1, bmi2, adx, sha, fma, vzeroupper, clflush, clflushopt, rdtscp, rdpid, fsrm, f16c, pku, cet_ss
Processor Information for processor 0
  Max Mhz: 3301, Current Mhz: 3301, Mhz Limit: 3301
Processor Information for processor 1
  Max Mhz: 3301, Current Mhz: 2630, Mhz Limit: 3301
Processor Information for processor 2
  Max Mhz: 3301, Current Mhz: 2630, Mhz Limit: 3301
Processor Information for processor 3
  Max Mhz: 3301, Current Mhz: 3301, Mhz Limit: 3301
Processor Information for processor 4
  Max Mhz: 3301, Current Mhz: 3301, Mhz Limit: 3301
Processor Information for processor 5
  Max Mhz: 3301, Current Mhz: 2630, Mhz Limit: 3301
Processor Information for processor 6
  Max Mhz: 3301, Current Mhz: 3301, Mhz Limit: 3301
Processor Information for processor 7
  Max Mhz: 3301, Current Mhz: 2630, Mhz Limit: 3301
Processor Information for processor 8
  Max Mhz: 3301, Current Mhz: 2630, Mhz Limit: 3301
Processor Information for processor 9
  Max Mhz: 3301, Current Mhz: 3301, Mhz Limit: 3301
Processor Information for processor 10
  Max Mhz: 3301, Current Mhz: 3301, Mhz Limit: 3301
Processor Information for processor 11
  Max Mhz: 3301, Current Mhz: 2630, Mhz Limit: 3301

Memory: 4k page, system-wide physical 5996M (465M free)
TotalPageFile size 24428M (AvailPageFile size 62M)
current process WorkingSet (physical memory assigned to process): 11M, peak: 11M
current process commit charge ("private bytes"): 64M, peak: 158M

vm_info: Java HotSpot(TM) 64-Bit Server VM (21.0.1+12-LTS-29) for windows-amd64 JRE (21.0.1+12-LTS-29), built on 2023-10-05T13:27:09Z by "mach5one" with MS VC++ 17.1 (VS2022)

END.
